#-----------------------------------------------------------
# Vivado v2025.1 (64-bit)
# SW Build 6140274 on Thu May 22 00:12:29 MDT 2025
# IP Build 6138677 on Thu May 22 03:10:11 MDT 2025
# SharedData Build 6139179 on Tue May 20 17:58:58 MDT 2025
# Start of session at: Sun Mar  1 21:19:00 2026
# Process ID         : 4568
# Current directory  : C:/hdl_projects/mz639
# Command line       : vivado.exe -mode batch -source scripts/create_project.tcl
# Log file           : C:/hdl_projects/mz639/vivado.log
# Journal file       : C:/hdl_projects/mz639\vivado.jou
# Running On         : Adiuvo_Adam
# Platform           : Windows Server 2016 or Windows 10
# Operating System   : 26100
# Processor Detail   : Intel(R) Core(TM) Ultra 9 285H
# CPU Frequency      : 3686 MHz
# CPU Physical cores : 16
# CPU Logical cores  : 16
# Host memory        : 33777 MB
# Swap memory        : 26843 MB
# Total Virtual      : 60621 MB
# Available Virtual  : 14150 MB
#-----------------------------------------------------------
source scripts/create_project.tcl
# set script_dir [file dirname [info script]]
# set project_dir [file normalize "$script_dir/.."]
# set project_name "bufr_demo"
# set part_number "xc7s50csga324-1"
# create_project $project_name "$project_dir/vivado" -part $part_number -force
# set_property target_language VHDL [current_project]
# set_property simulator_language VHDL [current_project]
# add_files -norecurse "$project_dir/src/bufr_demo_entity.vhd"
# set_property library work [get_files "$project_dir/src/bufr_demo_entity.vhd"]
# add_files -fileset constrs_1 -norecurse "$project_dir/constraints/bufr_demo.xdc"
# add_files -fileset sim_1 -norecurse "$project_dir/test/bufr_demo_tb_entity.vhd"
# set_property library work [get_files -of_objects [get_filesets sim_1]]
# set_property top bufr_demo [current_fileset]
# set_property top bufr_demo_tb [get_filesets sim_1]
# set_property top_lib work [get_filesets sim_1]
# set_property -name {xsim.simulate.runtime} -value {3us} -objects [get_filesets sim_1]
# update_compile_order -fileset sources_1
# update_compile_order -fileset sim_1
# puts "=========================================="
==========================================
# puts "Project created successfully!"
Project created successfully!
# puts "Project: $project_name"
Project: bufr_demo
# puts "Part:    $part_number"
Part:    xc7s50csga324-1
# puts "Location: $project_dir/vivado"
Location: C:/hdl_projects/mz639/vivado
# puts "=========================================="
==========================================
INFO: [Common 17-206] Exiting Vivado at Sun Mar  1 21:19:10 2026...
